-------------------------------------------------------------------------------
Test set: firstPackage.SynapseRTTest
-------------------------------------------------------------------------------
Tests run: 2, Failures: 1, Errors: 0, Skipped: 0, Time elapsed: 12.564 s <<< FAILURE! - in firstPackage.SynapseRTTest
navigateToFacebook(firstPackage.SynapseRTTest)  Time elapsed: 7.135 s  <<< FAILURE!
org.junit.ComparisonFailure: expected:<[Facebook]> but was:<[Google]>
	at firstPackage.SynapseRTTest.navigateToFacebook(SynapseRTTest.java:28)

